I, [2018-07-05T17:44:40.387447 #41809]  INFO -- : [c5c3bfd9-842a-4c04-8533-5f19c8a29e9c] Started GET "/" for 127.0.0.1 at 2018-07-05 17:44:40 +0800
I, [2018-07-05T17:44:40.399415 #41809]  INFO -- : [c5c3bfd9-842a-4c04-8533-5f19c8a29e9c] Processing by PanelsController#menu as HTML
I, [2018-07-05T17:44:40.425897 #41809]  INFO -- : [c5c3bfd9-842a-4c04-8533-5f19c8a29e9c]   Rendering panels/menu.html.erb within layouts/application
I, [2018-07-05T17:44:40.427577 #41809]  INFO -- : [c5c3bfd9-842a-4c04-8533-5f19c8a29e9c]   Rendered panels/menu.html.erb within layouts/application (1.4ms)
I, [2018-07-05T17:44:40.432138 #41809]  INFO -- : [c5c3bfd9-842a-4c04-8533-5f19c8a29e9c] Completed 500 Internal Server Error in 33ms
F, [2018-07-05T17:44:40.432871 #41809] FATAL -- : [c5c3bfd9-842a-4c04-8533-5f19c8a29e9c]   
F, [2018-07-05T17:44:40.432911 #41809] FATAL -- : [c5c3bfd9-842a-4c04-8533-5f19c8a29e9c] ActionView::Template::Error (The asset "application.css" is not present in the asset pipeline.):
F, [2018-07-05T17:44:40.433007 #41809] FATAL -- : [c5c3bfd9-842a-4c04-8533-5f19c8a29e9c]      5:     <%= csrf_meta_tags %>
[c5c3bfd9-842a-4c04-8533-5f19c8a29e9c]      6:     <%= csp_meta_tag %>
[c5c3bfd9-842a-4c04-8533-5f19c8a29e9c]      7: 
[c5c3bfd9-842a-4c04-8533-5f19c8a29e9c]      8:     <%= stylesheet_link_tag    'application', media: 'all', 'data-turbolinks-track': 'reload' %>
[c5c3bfd9-842a-4c04-8533-5f19c8a29e9c]      9:     <%= javascript_include_tag 'application', 'data-turbolinks-track': 'reload' %>
[c5c3bfd9-842a-4c04-8533-5f19c8a29e9c]     10:   </head>
[c5c3bfd9-842a-4c04-8533-5f19c8a29e9c]     11: 
F, [2018-07-05T17:44:40.433039 #41809] FATAL -- : [c5c3bfd9-842a-4c04-8533-5f19c8a29e9c]   
F, [2018-07-05T17:44:40.433067 #41809] FATAL -- : [c5c3bfd9-842a-4c04-8533-5f19c8a29e9c] app/views/layouts/application.html.erb:8:in `_app_views_layouts_application_html_erb__935308747904407807_70227553544660'
I, [2018-07-05T17:44:54.748151 #41809]  INFO -- : [e08202e8-d3bf-4ae5-b8d7-952cdb9d94cf] Started GET "/" for 127.0.0.1 at 2018-07-05 17:44:54 +0800
I, [2018-07-05T17:44:54.772607 #41809]  INFO -- : [e08202e8-d3bf-4ae5-b8d7-952cdb9d94cf] Processing by PanelsController#menu as HTML
I, [2018-07-05T17:44:54.786372 #41809]  INFO -- : [e08202e8-d3bf-4ae5-b8d7-952cdb9d94cf]   Rendering panels/menu.html.erb within layouts/application
I, [2018-07-05T17:44:54.790181 #41809]  INFO -- : [e08202e8-d3bf-4ae5-b8d7-952cdb9d94cf]   Rendered panels/menu.html.erb within layouts/application (3.5ms)
I, [2018-07-05T17:44:54.796154 #41809]  INFO -- : [e08202e8-d3bf-4ae5-b8d7-952cdb9d94cf] Completed 500 Internal Server Error in 23ms
F, [2018-07-05T17:44:54.798326 #41809] FATAL -- : [e08202e8-d3bf-4ae5-b8d7-952cdb9d94cf]   
F, [2018-07-05T17:44:54.798478 #41809] FATAL -- : [e08202e8-d3bf-4ae5-b8d7-952cdb9d94cf] ActionView::Template::Error (The asset "application.css" is not present in the asset pipeline.):
F, [2018-07-05T17:44:54.798827 #41809] FATAL -- : [e08202e8-d3bf-4ae5-b8d7-952cdb9d94cf]      5:     <%= csrf_meta_tags %>
[e08202e8-d3bf-4ae5-b8d7-952cdb9d94cf]      6:     <%= csp_meta_tag %>
[e08202e8-d3bf-4ae5-b8d7-952cdb9d94cf]      7: 
[e08202e8-d3bf-4ae5-b8d7-952cdb9d94cf]      8:     <%= stylesheet_link_tag    'application', media: 'all', 'data-turbolinks-track': 'reload' %>
[e08202e8-d3bf-4ae5-b8d7-952cdb9d94cf]      9:     <%= javascript_include_tag 'application', 'data-turbolinks-track': 'reload' %>
[e08202e8-d3bf-4ae5-b8d7-952cdb9d94cf]     10:   </head>
[e08202e8-d3bf-4ae5-b8d7-952cdb9d94cf]     11: 
F, [2018-07-05T17:44:54.798867 #41809] FATAL -- : [e08202e8-d3bf-4ae5-b8d7-952cdb9d94cf]   
F, [2018-07-05T17:44:54.798901 #41809] FATAL -- : [e08202e8-d3bf-4ae5-b8d7-952cdb9d94cf] app/views/layouts/application.html.erb:8:in `_app_views_layouts_application_html_erb__935308747904407807_70227553544660'
I, [2018-07-05T17:44:58.624268 #41809]  INFO -- : [867c3c7e-ff85-48a7-906f-7db81fa9c066] Started GET "/" for 127.0.0.1 at 2018-07-05 17:44:58 +0800
I, [2018-07-05T17:44:58.625200 #41809]  INFO -- : [867c3c7e-ff85-48a7-906f-7db81fa9c066] Processing by PanelsController#menu as HTML
I, [2018-07-05T17:44:58.627378 #41809]  INFO -- : [867c3c7e-ff85-48a7-906f-7db81fa9c066]   Rendering panels/menu.html.erb within layouts/application
I, [2018-07-05T17:44:58.627978 #41809]  INFO -- : [867c3c7e-ff85-48a7-906f-7db81fa9c066]   Rendered panels/menu.html.erb within layouts/application (0.4ms)
I, [2018-07-05T17:44:58.633077 #41809]  INFO -- : [867c3c7e-ff85-48a7-906f-7db81fa9c066] Completed 500 Internal Server Error in 8ms
F, [2018-07-05T17:44:58.635617 #41809] FATAL -- : [867c3c7e-ff85-48a7-906f-7db81fa9c066]   
F, [2018-07-05T17:44:58.635779 #41809] FATAL -- : [867c3c7e-ff85-48a7-906f-7db81fa9c066] ActionView::Template::Error (The asset "application.css" is not present in the asset pipeline.):
F, [2018-07-05T17:44:58.635991 #41809] FATAL -- : [867c3c7e-ff85-48a7-906f-7db81fa9c066]      5:     <%= csrf_meta_tags %>
[867c3c7e-ff85-48a7-906f-7db81fa9c066]      6:     <%= csp_meta_tag %>
[867c3c7e-ff85-48a7-906f-7db81fa9c066]      7: 
[867c3c7e-ff85-48a7-906f-7db81fa9c066]      8:     <%= stylesheet_link_tag    'application', media: 'all', 'data-turbolinks-track': 'reload' %>
[867c3c7e-ff85-48a7-906f-7db81fa9c066]      9:     <%= javascript_include_tag 'application', 'data-turbolinks-track': 'reload' %>
[867c3c7e-ff85-48a7-906f-7db81fa9c066]     10:   </head>
[867c3c7e-ff85-48a7-906f-7db81fa9c066]     11: 
F, [2018-07-05T17:44:58.636050 #41809] FATAL -- : [867c3c7e-ff85-48a7-906f-7db81fa9c066]   
F, [2018-07-05T17:44:58.636097 #41809] FATAL -- : [867c3c7e-ff85-48a7-906f-7db81fa9c066] app/views/layouts/application.html.erb:8:in `_app_views_layouts_application_html_erb__935308747904407807_70227553544660'
I, [2018-07-06T09:50:48.420468 #46920]  INFO -- : [652f7741-49c9-47fa-9097-6b8ca4625a53] Started GET "/" for 127.0.0.1 at 2018-07-06 09:50:48 +0800
I, [2018-07-06T09:50:48.474077 #46920]  INFO -- : [652f7741-49c9-47fa-9097-6b8ca4625a53] Processing by PanelsController#menu as HTML
I, [2018-07-06T09:50:48.527129 #46920]  INFO -- : [652f7741-49c9-47fa-9097-6b8ca4625a53]   Rendering panels/menu.html.erb within layouts/application
I, [2018-07-06T09:50:48.533482 #46920]  INFO -- : [652f7741-49c9-47fa-9097-6b8ca4625a53]   Rendered panels/menu.html.erb within layouts/application (6.0ms)
I, [2018-07-06T09:50:48.540581 #46920]  INFO -- : [652f7741-49c9-47fa-9097-6b8ca4625a53] Completed 200 OK in 65ms (Views: 31.7ms)
I, [2018-07-06T09:50:48.759300 #46920]  INFO -- : [bc19df08-3916-4977-b106-31324ea38be8] Started GET "/assets/application-46dada6fd1319cd237dbee4121f82dc4ec4b60cf73bda0a68b1fc7cb31178bd4.css" for 127.0.0.1 at 2018-07-06 09:50:48 +0800
F, [2018-07-06T09:50:48.767849 #46920] FATAL -- : [bc19df08-3916-4977-b106-31324ea38be8]   
F, [2018-07-06T09:50:48.768550 #46920] FATAL -- : [bc19df08-3916-4977-b106-31324ea38be8] ActionController::RoutingError (No route matches [GET] "/assets/application-46dada6fd1319cd237dbee4121f82dc4ec4b60cf73bda0a68b1fc7cb31178bd4.css"):
F, [2018-07-06T09:50:48.769554 #46920] FATAL -- : [bc19df08-3916-4977-b106-31324ea38be8]   
F, [2018-07-06T09:50:48.771589 #46920] FATAL -- : [bc19df08-3916-4977-b106-31324ea38be8] actionpack (5.2.0) lib/action_dispatch/middleware/debug_exceptions.rb:65:in `call'
[bc19df08-3916-4977-b106-31324ea38be8] actionpack (5.2.0) lib/action_dispatch/middleware/show_exceptions.rb:33:in `call'
[bc19df08-3916-4977-b106-31324ea38be8] railties (5.2.0) lib/rails/rack/logger.rb:38:in `call_app'
[bc19df08-3916-4977-b106-31324ea38be8] railties (5.2.0) lib/rails/rack/logger.rb:26:in `block in call'
[bc19df08-3916-4977-b106-31324ea38be8] activesupport (5.2.0) lib/active_support/tagged_logging.rb:71:in `block in tagged'
[bc19df08-3916-4977-b106-31324ea38be8] activesupport (5.2.0) lib/active_support/tagged_logging.rb:28:in `tagged'
[bc19df08-3916-4977-b106-31324ea38be8] activesupport (5.2.0) lib/active_support/tagged_logging.rb:71:in `tagged'
[bc19df08-3916-4977-b106-31324ea38be8] railties (5.2.0) lib/rails/rack/logger.rb:26:in `call'
[bc19df08-3916-4977-b106-31324ea38be8] actionpack (5.2.0) lib/action_dispatch/middleware/remote_ip.rb:81:in `call'
[bc19df08-3916-4977-b106-31324ea38be8] actionpack (5.2.0) lib/action_dispatch/middleware/request_id.rb:27:in `call'
[bc19df08-3916-4977-b106-31324ea38be8] rack (2.0.5) lib/rack/method_override.rb:22:in `call'
[bc19df08-3916-4977-b106-31324ea38be8] rack (2.0.5) lib/rack/runtime.rb:22:in `call'
[bc19df08-3916-4977-b106-31324ea38be8] activesupport (5.2.0) lib/active_support/cache/strategy/local_cache_middleware.rb:29:in `call'
[bc19df08-3916-4977-b106-31324ea38be8] actionpack (5.2.0) lib/action_dispatch/middleware/executor.rb:14:in `call'
[bc19df08-3916-4977-b106-31324ea38be8] rack (2.0.5) lib/rack/sendfile.rb:111:in `call'
[bc19df08-3916-4977-b106-31324ea38be8] railties (5.2.0) lib/rails/engine.rb:524:in `call'
[bc19df08-3916-4977-b106-31324ea38be8] puma (3.11.4) lib/puma/configuration.rb:225:in `call'
[bc19df08-3916-4977-b106-31324ea38be8] puma (3.11.4) lib/puma/server.rb:632:in `handle_request'
[bc19df08-3916-4977-b106-31324ea38be8] puma (3.11.4) lib/puma/server.rb:446:in `process_client'
[bc19df08-3916-4977-b106-31324ea38be8] puma (3.11.4) lib/puma/server.rb:306:in `block in run'
[bc19df08-3916-4977-b106-31324ea38be8] puma (3.11.4) lib/puma/thread_pool.rb:120:in `block in spawn_thread'
I, [2018-07-06T09:50:48.769235 #46920]  INFO -- : [adaaad15-e1ab-4bb7-aebf-bbbf3d0bf7fe] Started GET "/packs/lab-9094ad669189ff846040.js" for 127.0.0.1 at 2018-07-06 09:50:48 +0800
F, [2018-07-06T09:50:48.773406 #46920] FATAL -- : [adaaad15-e1ab-4bb7-aebf-bbbf3d0bf7fe]   
F, [2018-07-06T09:50:48.773539 #46920] FATAL -- : [adaaad15-e1ab-4bb7-aebf-bbbf3d0bf7fe] ActionController::RoutingError (No route matches [GET] "/packs/lab-9094ad669189ff846040.js"):
F, [2018-07-06T09:50:48.773594 #46920] FATAL -- : [adaaad15-e1ab-4bb7-aebf-bbbf3d0bf7fe]   
F, [2018-07-06T09:50:48.773656 #46920] FATAL -- : [adaaad15-e1ab-4bb7-aebf-bbbf3d0bf7fe] actionpack (5.2.0) lib/action_dispatch/middleware/debug_exceptions.rb:65:in `call'
[adaaad15-e1ab-4bb7-aebf-bbbf3d0bf7fe] actionpack (5.2.0) lib/action_dispatch/middleware/show_exceptions.rb:33:in `call'
[adaaad15-e1ab-4bb7-aebf-bbbf3d0bf7fe] railties (5.2.0) lib/rails/rack/logger.rb:38:in `call_app'
[adaaad15-e1ab-4bb7-aebf-bbbf3d0bf7fe] railties (5.2.0) lib/rails/rack/logger.rb:26:in `block in call'
[adaaad15-e1ab-4bb7-aebf-bbbf3d0bf7fe] activesupport (5.2.0) lib/active_support/tagged_logging.rb:71:in `block in tagged'
[adaaad15-e1ab-4bb7-aebf-bbbf3d0bf7fe] activesupport (5.2.0) lib/active_support/tagged_logging.rb:28:in `tagged'
[adaaad15-e1ab-4bb7-aebf-bbbf3d0bf7fe] activesupport (5.2.0) lib/active_support/tagged_logging.rb:71:in `tagged'
[adaaad15-e1ab-4bb7-aebf-bbbf3d0bf7fe] railties (5.2.0) lib/rails/rack/logger.rb:26:in `call'
[adaaad15-e1ab-4bb7-aebf-bbbf3d0bf7fe] actionpack (5.2.0) lib/action_dispatch/middleware/remote_ip.rb:81:in `call'
[adaaad15-e1ab-4bb7-aebf-bbbf3d0bf7fe] actionpack (5.2.0) lib/action_dispatch/middleware/request_id.rb:27:in `call'
[adaaad15-e1ab-4bb7-aebf-bbbf3d0bf7fe] rack (2.0.5) lib/rack/method_override.rb:22:in `call'
[adaaad15-e1ab-4bb7-aebf-bbbf3d0bf7fe] rack (2.0.5) lib/rack/runtime.rb:22:in `call'
[adaaad15-e1ab-4bb7-aebf-bbbf3d0bf7fe] activesupport (5.2.0) lib/active_support/cache/strategy/local_cache_middleware.rb:29:in `call'
[adaaad15-e1ab-4bb7-aebf-bbbf3d0bf7fe] actionpack (5.2.0) lib/action_dispatch/middleware/executor.rb:14:in `call'
[adaaad15-e1ab-4bb7-aebf-bbbf3d0bf7fe] rack (2.0.5) lib/rack/sendfile.rb:111:in `call'
[adaaad15-e1ab-4bb7-aebf-bbbf3d0bf7fe] railties (5.2.0) lib/rails/engine.rb:524:in `call'
[adaaad15-e1ab-4bb7-aebf-bbbf3d0bf7fe] puma (3.11.4) lib/puma/configuration.rb:225:in `call'
[adaaad15-e1ab-4bb7-aebf-bbbf3d0bf7fe] puma (3.11.4) lib/puma/server.rb:632:in `handle_request'
[adaaad15-e1ab-4bb7-aebf-bbbf3d0bf7fe] puma (3.11.4) lib/puma/server.rb:446:in `process_client'
[adaaad15-e1ab-4bb7-aebf-bbbf3d0bf7fe] puma (3.11.4) lib/puma/server.rb:306:in `block in run'
[adaaad15-e1ab-4bb7-aebf-bbbf3d0bf7fe] puma (3.11.4) lib/puma/thread_pool.rb:120:in `block in spawn_thread'
I, [2018-07-06T09:50:48.771465 #46920]  INFO -- : [a206a28c-0276-406f-a721-e782a2bef08c] Started GET "/packs/lab-a8dc789dce0af03dfb84bdc6883641bf.css" for 127.0.0.1 at 2018-07-06 09:50:48 +0800
F, [2018-07-06T09:50:48.775261 #46920] FATAL -- : [a206a28c-0276-406f-a721-e782a2bef08c]   
F, [2018-07-06T09:50:48.775742 #46920] FATAL -- : [a206a28c-0276-406f-a721-e782a2bef08c] ActionController::RoutingError (No route matches [GET] "/packs/lab-a8dc789dce0af03dfb84bdc6883641bf.css"):
F, [2018-07-06T09:50:48.776100 #46920] FATAL -- : [a206a28c-0276-406f-a721-e782a2bef08c]   
F, [2018-07-06T09:50:48.776606 #46920] FATAL -- : [a206a28c-0276-406f-a721-e782a2bef08c] actionpack (5.2.0) lib/action_dispatch/middleware/debug_exceptions.rb:65:in `call'
[a206a28c-0276-406f-a721-e782a2bef08c] actionpack (5.2.0) lib/action_dispatch/middleware/show_exceptions.rb:33:in `call'
[a206a28c-0276-406f-a721-e782a2bef08c] railties (5.2.0) lib/rails/rack/logger.rb:38:in `call_app'
[a206a28c-0276-406f-a721-e782a2bef08c] railties (5.2.0) lib/rails/rack/logger.rb:26:in `block in call'
[a206a28c-0276-406f-a721-e782a2bef08c] activesupport (5.2.0) lib/active_support/tagged_logging.rb:71:in `block in tagged'
[a206a28c-0276-406f-a721-e782a2bef08c] activesupport (5.2.0) lib/active_support/tagged_logging.rb:28:in `tagged'
[a206a28c-0276-406f-a721-e782a2bef08c] activesupport (5.2.0) lib/active_support/tagged_logging.rb:71:in `tagged'
[a206a28c-0276-406f-a721-e782a2bef08c] railties (5.2.0) lib/rails/rack/logger.rb:26:in `call'
[a206a28c-0276-406f-a721-e782a2bef08c] actionpack (5.2.0) lib/action_dispatch/middleware/remote_ip.rb:81:in `call'
[a206a28c-0276-406f-a721-e782a2bef08c] actionpack (5.2.0) lib/action_dispatch/middleware/request_id.rb:27:in `call'
[a206a28c-0276-406f-a721-e782a2bef08c] rack (2.0.5) lib/rack/method_override.rb:22:in `call'
[a206a28c-0276-406f-a721-e782a2bef08c] rack (2.0.5) lib/rack/runtime.rb:22:in `call'
[a206a28c-0276-406f-a721-e782a2bef08c] activesupport (5.2.0) lib/active_support/cache/strategy/local_cache_middleware.rb:29:in `call'
[a206a28c-0276-406f-a721-e782a2bef08c] actionpack (5.2.0) lib/action_dispatch/middleware/executor.rb:14:in `call'
[a206a28c-0276-406f-a721-e782a2bef08c] rack (2.0.5) lib/rack/sendfile.rb:111:in `call'
[a206a28c-0276-406f-a721-e782a2bef08c] railties (5.2.0) lib/rails/engine.rb:524:in `call'
[a206a28c-0276-406f-a721-e782a2bef08c] puma (3.11.4) lib/puma/configuration.rb:225:in `call'
[a206a28c-0276-406f-a721-e782a2bef08c] puma (3.11.4) lib/puma/server.rb:632:in `handle_request'
[a206a28c-0276-406f-a721-e782a2bef08c] puma (3.11.4) lib/puma/server.rb:446:in `process_client'
[a206a28c-0276-406f-a721-e782a2bef08c] puma (3.11.4) lib/puma/server.rb:306:in `block in run'
[a206a28c-0276-406f-a721-e782a2bef08c] puma (3.11.4) lib/puma/thread_pool.rb:120:in `block in spawn_thread'
I, [2018-07-06T09:50:48.770711 #46920]  INFO -- : [446972fa-ce3c-4cb5-9b4c-ecdcfa63aac2] Started GET "/assets/application-84273ecf3c4ec7becd223c61ad7836a5300bf64aa478a8de3ec4660e21accb6a.js" for 127.0.0.1 at 2018-07-06 09:50:48 +0800
F, [2018-07-06T09:50:48.777736 #46920] FATAL -- : [446972fa-ce3c-4cb5-9b4c-ecdcfa63aac2]   
F, [2018-07-06T09:50:48.777843 #46920] FATAL -- : [446972fa-ce3c-4cb5-9b4c-ecdcfa63aac2] ActionController::RoutingError (No route matches [GET] "/assets/application-84273ecf3c4ec7becd223c61ad7836a5300bf64aa478a8de3ec4660e21accb6a.js"):
F, [2018-07-06T09:50:48.777895 #46920] FATAL -- : [446972fa-ce3c-4cb5-9b4c-ecdcfa63aac2]   
F, [2018-07-06T09:50:48.777986 #46920] FATAL -- : [446972fa-ce3c-4cb5-9b4c-ecdcfa63aac2] actionpack (5.2.0) lib/action_dispatch/middleware/debug_exceptions.rb:65:in `call'
[446972fa-ce3c-4cb5-9b4c-ecdcfa63aac2] actionpack (5.2.0) lib/action_dispatch/middleware/show_exceptions.rb:33:in `call'
[446972fa-ce3c-4cb5-9b4c-ecdcfa63aac2] railties (5.2.0) lib/rails/rack/logger.rb:38:in `call_app'
[446972fa-ce3c-4cb5-9b4c-ecdcfa63aac2] railties (5.2.0) lib/rails/rack/logger.rb:26:in `block in call'
[446972fa-ce3c-4cb5-9b4c-ecdcfa63aac2] activesupport (5.2.0) lib/active_support/tagged_logging.rb:71:in `block in tagged'
[446972fa-ce3c-4cb5-9b4c-ecdcfa63aac2] activesupport (5.2.0) lib/active_support/tagged_logging.rb:28:in `tagged'
[446972fa-ce3c-4cb5-9b4c-ecdcfa63aac2] activesupport (5.2.0) lib/active_support/tagged_logging.rb:71:in `tagged'
[446972fa-ce3c-4cb5-9b4c-ecdcfa63aac2] railties (5.2.0) lib/rails/rack/logger.rb:26:in `call'
[446972fa-ce3c-4cb5-9b4c-ecdcfa63aac2] actionpack (5.2.0) lib/action_dispatch/middleware/remote_ip.rb:81:in `call'
[446972fa-ce3c-4cb5-9b4c-ecdcfa63aac2] actionpack (5.2.0) lib/action_dispatch/middleware/request_id.rb:27:in `call'
[446972fa-ce3c-4cb5-9b4c-ecdcfa63aac2] rack (2.0.5) lib/rack/method_override.rb:22:in `call'
[446972fa-ce3c-4cb5-9b4c-ecdcfa63aac2] rack (2.0.5) lib/rack/runtime.rb:22:in `call'
[446972fa-ce3c-4cb5-9b4c-ecdcfa63aac2] activesupport (5.2.0) lib/active_support/cache/strategy/local_cache_middleware.rb:29:in `call'
[446972fa-ce3c-4cb5-9b4c-ecdcfa63aac2] actionpack (5.2.0) lib/action_dispatch/middleware/executor.rb:14:in `call'
[446972fa-ce3c-4cb5-9b4c-ecdcfa63aac2] rack (2.0.5) lib/rack/sendfile.rb:111:in `call'
[446972fa-ce3c-4cb5-9b4c-ecdcfa63aac2] railties (5.2.0) lib/rails/engine.rb:524:in `call'
[446972fa-ce3c-4cb5-9b4c-ecdcfa63aac2] puma (3.11.4) lib/puma/configuration.rb:225:in `call'
[446972fa-ce3c-4cb5-9b4c-ecdcfa63aac2] puma (3.11.4) lib/puma/server.rb:632:in `handle_request'
[446972fa-ce3c-4cb5-9b4c-ecdcfa63aac2] puma (3.11.4) lib/puma/server.rb:446:in `process_client'
[446972fa-ce3c-4cb5-9b4c-ecdcfa63aac2] puma (3.11.4) lib/puma/server.rb:306:in `block in run'
[446972fa-ce3c-4cb5-9b4c-ecdcfa63aac2] puma (3.11.4) lib/puma/thread_pool.rb:120:in `block in spawn_thread'
I, [2018-07-06T09:50:48.960040 #46920]  INFO -- : [2adaae87-4775-494d-820d-c6201c47756d] Started GET "/packs/lab-9094ad669189ff846040.js" for 127.0.0.1 at 2018-07-06 09:50:48 +0800
F, [2018-07-06T09:50:48.960885 #46920] FATAL -- : [2adaae87-4775-494d-820d-c6201c47756d]   
F, [2018-07-06T09:50:48.961205 #46920] FATAL -- : [2adaae87-4775-494d-820d-c6201c47756d] ActionController::RoutingError (No route matches [GET] "/packs/lab-9094ad669189ff846040.js"):
F, [2018-07-06T09:50:48.961279 #46920] FATAL -- : [2adaae87-4775-494d-820d-c6201c47756d]   
F, [2018-07-06T09:50:48.961330 #46920] FATAL -- : [2adaae87-4775-494d-820d-c6201c47756d] actionpack (5.2.0) lib/action_dispatch/middleware/debug_exceptions.rb:65:in `call'
[2adaae87-4775-494d-820d-c6201c47756d] actionpack (5.2.0) lib/action_dispatch/middleware/show_exceptions.rb:33:in `call'
[2adaae87-4775-494d-820d-c6201c47756d] railties (5.2.0) lib/rails/rack/logger.rb:38:in `call_app'
[2adaae87-4775-494d-820d-c6201c47756d] railties (5.2.0) lib/rails/rack/logger.rb:26:in `block in call'
[2adaae87-4775-494d-820d-c6201c47756d] activesupport (5.2.0) lib/active_support/tagged_logging.rb:71:in `block in tagged'
[2adaae87-4775-494d-820d-c6201c47756d] activesupport (5.2.0) lib/active_support/tagged_logging.rb:28:in `tagged'
[2adaae87-4775-494d-820d-c6201c47756d] activesupport (5.2.0) lib/active_support/tagged_logging.rb:71:in `tagged'
[2adaae87-4775-494d-820d-c6201c47756d] railties (5.2.0) lib/rails/rack/logger.rb:26:in `call'
[2adaae87-4775-494d-820d-c6201c47756d] actionpack (5.2.0) lib/action_dispatch/middleware/remote_ip.rb:81:in `call'
[2adaae87-4775-494d-820d-c6201c47756d] actionpack (5.2.0) lib/action_dispatch/middleware/request_id.rb:27:in `call'
[2adaae87-4775-494d-820d-c6201c47756d] rack (2.0.5) lib/rack/method_override.rb:22:in `call'
[2adaae87-4775-494d-820d-c6201c47756d] rack (2.0.5) lib/rack/runtime.rb:22:in `call'
[2adaae87-4775-494d-820d-c6201c47756d] activesupport (5.2.0) lib/active_support/cache/strategy/local_cache_middleware.rb:29:in `call'
[2adaae87-4775-494d-820d-c6201c47756d] actionpack (5.2.0) lib/action_dispatch/middleware/executor.rb:14:in `call'
[2adaae87-4775-494d-820d-c6201c47756d] rack (2.0.5) lib/rack/sendfile.rb:111:in `call'
[2adaae87-4775-494d-820d-c6201c47756d] railties (5.2.0) lib/rails/engine.rb:524:in `call'
[2adaae87-4775-494d-820d-c6201c47756d] puma (3.11.4) lib/puma/configuration.rb:225:in `call'
[2adaae87-4775-494d-820d-c6201c47756d] puma (3.11.4) lib/puma/server.rb:632:in `handle_request'
[2adaae87-4775-494d-820d-c6201c47756d] puma (3.11.4) lib/puma/server.rb:446:in `process_client'
[2adaae87-4775-494d-820d-c6201c47756d] puma (3.11.4) lib/puma/server.rb:306:in `block in run'
[2adaae87-4775-494d-820d-c6201c47756d] puma (3.11.4) lib/puma/thread_pool.rb:120:in `block in spawn_thread'
I, [2018-07-06T09:50:48.993754 #46920]  INFO -- : [e5bc0dbe-224f-4c20-85cf-70a87b33a543] Started GET "/packs/lab-a8dc789dce0af03dfb84bdc6883641bf.css" for 127.0.0.1 at 2018-07-06 09:50:48 +0800
F, [2018-07-06T09:50:48.995312 #46920] FATAL -- : [e5bc0dbe-224f-4c20-85cf-70a87b33a543]   
F, [2018-07-06T09:50:48.995878 #46920] FATAL -- : [e5bc0dbe-224f-4c20-85cf-70a87b33a543] ActionController::RoutingError (No route matches [GET] "/packs/lab-a8dc789dce0af03dfb84bdc6883641bf.css"):
F, [2018-07-06T09:50:48.995935 #46920] FATAL -- : [e5bc0dbe-224f-4c20-85cf-70a87b33a543]   
F, [2018-07-06T09:50:48.995996 #46920] FATAL -- : [e5bc0dbe-224f-4c20-85cf-70a87b33a543] actionpack (5.2.0) lib/action_dispatch/middleware/debug_exceptions.rb:65:in `call'
[e5bc0dbe-224f-4c20-85cf-70a87b33a543] actionpack (5.2.0) lib/action_dispatch/middleware/show_exceptions.rb:33:in `call'
[e5bc0dbe-224f-4c20-85cf-70a87b33a543] railties (5.2.0) lib/rails/rack/logger.rb:38:in `call_app'
[e5bc0dbe-224f-4c20-85cf-70a87b33a543] railties (5.2.0) lib/rails/rack/logger.rb:26:in `block in call'
[e5bc0dbe-224f-4c20-85cf-70a87b33a543] activesupport (5.2.0) lib/active_support/tagged_logging.rb:71:in `block in tagged'
[e5bc0dbe-224f-4c20-85cf-70a87b33a543] activesupport (5.2.0) lib/active_support/tagged_logging.rb:28:in `tagged'
[e5bc0dbe-224f-4c20-85cf-70a87b33a543] activesupport (5.2.0) lib/active_support/tagged_logging.rb:71:in `tagged'
[e5bc0dbe-224f-4c20-85cf-70a87b33a543] railties (5.2.0) lib/rails/rack/logger.rb:26:in `call'
[e5bc0dbe-224f-4c20-85cf-70a87b33a543] actionpack (5.2.0) lib/action_dispatch/middleware/remote_ip.rb:81:in `call'
[e5bc0dbe-224f-4c20-85cf-70a87b33a543] actionpack (5.2.0) lib/action_dispatch/middleware/request_id.rb:27:in `call'
[e5bc0dbe-224f-4c20-85cf-70a87b33a543] rack (2.0.5) lib/rack/method_override.rb:22:in `call'
[e5bc0dbe-224f-4c20-85cf-70a87b33a543] rack (2.0.5) lib/rack/runtime.rb:22:in `call'
[e5bc0dbe-224f-4c20-85cf-70a87b33a543] activesupport (5.2.0) lib/active_support/cache/strategy/local_cache_middleware.rb:29:in `call'
[e5bc0dbe-224f-4c20-85cf-70a87b33a543] actionpack (5.2.0) lib/action_dispatch/middleware/executor.rb:14:in `call'
[e5bc0dbe-224f-4c20-85cf-70a87b33a543] rack (2.0.5) lib/rack/sendfile.rb:111:in `call'
[e5bc0dbe-224f-4c20-85cf-70a87b33a543] railties (5.2.0) lib/rails/engine.rb:524:in `call'
[e5bc0dbe-224f-4c20-85cf-70a87b33a543] puma (3.11.4) lib/puma/configuration.rb:225:in `call'
[e5bc0dbe-224f-4c20-85cf-70a87b33a543] puma (3.11.4) lib/puma/server.rb:632:in `handle_request'
[e5bc0dbe-224f-4c20-85cf-70a87b33a543] puma (3.11.4) lib/puma/server.rb:446:in `process_client'
[e5bc0dbe-224f-4c20-85cf-70a87b33a543] puma (3.11.4) lib/puma/server.rb:306:in `block in run'
[e5bc0dbe-224f-4c20-85cf-70a87b33a543] puma (3.11.4) lib/puma/thread_pool.rb:120:in `block in spawn_thread'
I, [2018-07-06T09:56:13.912877 #47080]  INFO -- : [9b2a2804-65ec-42e0-b7b4-02421e77e367] Started GET "/" for 127.0.0.1 at 2018-07-06 09:56:13 +0800
I, [2018-07-06T09:56:13.924401 #47080]  INFO -- : [9b2a2804-65ec-42e0-b7b4-02421e77e367] Processing by PanelsController#menu as HTML
I, [2018-07-06T09:56:13.952704 #47080]  INFO -- : [9b2a2804-65ec-42e0-b7b4-02421e77e367]   Rendering panels/menu.html.erb within layouts/application
I, [2018-07-06T09:56:13.954261 #47080]  INFO -- : [9b2a2804-65ec-42e0-b7b4-02421e77e367]   Rendered panels/menu.html.erb within layouts/application (1.3ms)
I, [2018-07-06T09:56:13.955052 #47080]  INFO -- : [9b2a2804-65ec-42e0-b7b4-02421e77e367] Completed 200 OK in 30ms (Views: 14.8ms)
I, [2018-07-06T10:01:06.660473 #47212]  INFO -- : [c8dca4c6-80ec-4218-a411-cc236e1570dc] Started GET "/" for 127.0.0.1 at 2018-07-06 10:01:06 +0800
I, [2018-07-06T10:01:06.682243 #47212]  INFO -- : [c8dca4c6-80ec-4218-a411-cc236e1570dc] Processing by PanelsController#menu as HTML
I, [2018-07-06T10:01:06.707728 #47212]  INFO -- : [c8dca4c6-80ec-4218-a411-cc236e1570dc]   Rendering panels/menu.html.erb within layouts/application
I, [2018-07-06T10:01:06.709510 #47212]  INFO -- : [c8dca4c6-80ec-4218-a411-cc236e1570dc]   Rendered panels/menu.html.erb within layouts/application (1.5ms)
I, [2018-07-06T10:01:06.710940 #47212]  INFO -- : [c8dca4c6-80ec-4218-a411-cc236e1570dc] Completed 200 OK in 29ms (Views: 15.9ms)
I, [2018-07-06T10:32:37.590463 #47212]  INFO -- : [bc872e4d-2548-4b01-a4ad-808118252eba] Started GET "/" for 127.0.0.1 at 2018-07-06 10:32:37 +0800
I, [2018-07-06T10:32:37.631245 #47212]  INFO -- : [bc872e4d-2548-4b01-a4ad-808118252eba] Processing by PanelsController#menu as HTML
I, [2018-07-06T10:32:37.657513 #47212]  INFO -- : [bc872e4d-2548-4b01-a4ad-808118252eba]   Rendering panels/menu.html.erb within layouts/application
I, [2018-07-06T10:32:37.661615 #47212]  INFO -- : [bc872e4d-2548-4b01-a4ad-808118252eba]   Rendered panels/menu.html.erb within layouts/application (3.6ms)
I, [2018-07-06T10:32:37.664975 #47212]  INFO -- : [bc872e4d-2548-4b01-a4ad-808118252eba] Completed 200 OK in 30ms (Views: 9.3ms)
